[INFO] 20:25:17:360 FileSystem/(3382:3382): Conectando con el Servidor Memoria...
[INFO] 20:25:17:370 FileSystem/(3382:3382): Conexión exitosa. Iniciando cliente...
[INFO] 20:25:17:372 FileSystem/(3382:3382): Creando Socket del Servidor FileSystem...
[INFO] 20:25:17:372 FileSystem/(3382:3382): Socket del Servidor FileSystem Creado Exitosamente.
[INFO] 20:25:17:372 FileSystem/(3382:3382): Servidor FileSystem se Encuentra Escuchando.
[INFO] 20:25:21:685 FileSystem/(3392:3392): Conectando con el Servidor Memoria...
[ERROR] 20:25:21:691 FileSystem/(3392:3392): Conexión rechazada. El Servidor Memoria no se encuentra disponible en este momento.
[INFO] 18:34:22:751 FileSystem/(8335:8335): Conectando con el Servidor Memoria...
[ERROR] 18:34:22:755 FileSystem/(8335:8335): Conexión rechazada. El Servidor Memoria no se encuentra disponible en este momento.
[INFO] 18:34:56:021 FileSystem/(8395:8395): Conectando con el Servidor Memoria...
[INFO] 18:34:56:033 FileSystem/(8395:8395): Conexión exitosa. Iniciando cliente...
[INFO] 18:34:56:033 FileSystem/(8395:8395): Creando Socket del Servidor FileSystem...
[INFO] 18:34:56:033 FileSystem/(8395:8395): Socket del Servidor FileSystem Creado Exitosamente.
[INFO] 18:34:56:033 FileSystem/(8395:8395): Servidor FileSystem se Encuentra Escuchando.
[INFO] 18:42:16:632 FileSystem/(9323:9323): Conectando con el Servidor Memoria...
[INFO] 18:42:16:635 FileSystem/(9323:9323): Conexión exitosa. Iniciando cliente...
[INFO] 18:42:16:635 FileSystem/(9323:9323): Creando Socket del Servidor FileSystem...
[INFO] 18:42:16:635 FileSystem/(9323:9323): Socket del Servidor FileSystem Creado Exitosamente.
[INFO] 18:42:16:635 FileSystem/(9323:9323): Servidor FileSystem se Encuentra Escuchando.
[INFO] 18:49:20:155 FileSystem/(9323:9323): Recibi un cliente
[INFO] 19:01:46:396 FileSystem/(9323:9323): Recibi un cliente
[INFO] 19:02:24:759 FileSystem/(9323:9323): Recibi un cliente
[INFO] 19:12:11:504 FileSystem/(9323:9323): Recibi un cliente
[ERROR] 19:17:43:070 FileSystem/(12624:12624): No se pudo Encontrar el Archivo de configuracion
[INFO] 19:18:11:473 FileSystem/(12652:12652): Conectando con el Servidor Memoria...
[ERROR] 19:18:11:477 FileSystem/(12652:12652): Conexión rechazada. El Servidor Memoria no se encuentra disponible en este momento.
[INFO] 19:18:31:508 FileSystem/(12681:12681): Conectando con el Servidor Memoria...
[INFO] 19:18:31:518 FileSystem/(12681:12681): Conexión exitosa. Iniciando cliente...
[INFO] 19:18:31:518 FileSystem/(12681:12681): Creando Socket del Servidor FileSystem...
[INFO] 19:18:31:518 FileSystem/(12681:12681): Socket del Servidor FileSystem Creado Exitosamente.
[INFO] 19:18:31:518 FileSystem/(12681:12681): Servidor FileSystem se Encuentra Escuchando.
[INFO] 19:22:34:578 FileSystem/(12995:12995): Conectando con el Servidor Memoria...
[INFO] 19:22:34:581 FileSystem/(12995:12995): Conexión exitosa. Iniciando cliente...
[INFO] 19:22:34:581 FileSystem/(12995:12995): Creando Socket del Servidor FileSystem...
[INFO] 19:22:34:581 FileSystem/(12995:12995): Socket del Servidor FileSystem Creado Exitosamente.
[INFO] 19:22:34:581 FileSystem/(12995:12995): Servidor FileSystem se Encuentra Escuchando.
[INFO] 19:22:54:366 FileSystem/(12995:12995): Recibi un cliente
[INFO] 18:58:19:966 FileSystem/(7697:7697): Conectando con el Servidor Memoria...
[INFO] 18:58:19:978 FileSystem/(7697:7697): Conexión exitosa. Iniciando cliente...
[INFO] 18:58:19:978 FileSystem/(7697:7697): Creando Socket del Servidor FileSystem...
[INFO] 18:58:19:978 FileSystem/(7697:7697): Socket del Servidor FileSystem Creado Exitosamente.
[INFO] 18:58:19:978 FileSystem/(7697:7697): Realizando Handshake con Memoria
[INFO] 18:58:19:980 FileSystem/(7697:7697): El Handshake fue exitoso
[INFO] 18:58:19:980 FileSystem/(7697:7697): Servidor FileSystem se Encuentra Escuchando.
[INFO] 18:58:52:229 FileSystem/(7697:7697): Recibi un cliente
[INFO] 19:22:03:793 FileSystem/(9007:9007): Conectando con el Servidor Memoria...
[INFO] 19:22:03:801 FileSystem/(9007:9007): Conexión exitosa. Iniciando cliente...
[INFO] 19:22:03:801 FileSystem/(9007:9007): Creando Socket del Servidor FileSystem...
[INFO] 19:22:03:801 FileSystem/(9007:9007): Socket del Servidor FileSystem Creado Exitosamente.
[INFO] 19:22:03:801 FileSystem/(9007:9007): Realizando Handshake con Memoria
[INFO] 19:22:03:802 FileSystem/(9007:9007): El Handshake fue exitoso
[INFO] 19:22:03:802 FileSystem/(9007:9007): Servidor FileSystem se Encuentra Escuchando.
[INFO] 19:22:26:367 FileSystem/(9007:9007): Recibi un cliente
[INFO] 19:35:43:684 FileSystem/(9007:9007): Recibi un cliente
[INFO] 19:36:21:539 FileSystem/(9007:9007): Recibi un cliente
[INFO] 19:38:22:104 FileSystem/(9007:9007): Recibi un cliente
[INFO] 19:38:58:996 FileSystem/(9007:9007): Recibi un cliente
[INFO] 19:40:02:227 FileSystem/(9007:9007): Recibi un cliente
[INFO] 19:40:28:033 FileSystem/(9007:9007): Recibi un cliente
[INFO] 19:42:15:242 FileSystem/(9007:9007): Recibi un cliente
[INFO] 19:43:34:628 FileSystem/(9007:9007): Recibi un cliente
[INFO] 22:58:45:711 FileSystem/(3600:3600): Conectando con el Servidor Memoria...
[INFO] 22:58:45:745 FileSystem/(3600:3600): Conexión exitosa. Iniciando cliente...
[INFO] 22:58:45:746 FileSystem/(3600:3600): Creando Socket del Servidor FileSystem...
[INFO] 22:58:45:746 FileSystem/(3600:3600): Socket del Servidor FileSystem Creado Exitosamente.
[INFO] 22:58:45:746 FileSystem/(3600:3600): Realizando Handshake con Memoria
[INFO] 22:58:45:750 FileSystem/(3600:3600): El Handshake fue exitoso
[INFO] 22:58:45:750 FileSystem/(3600:3600): Servidor FileSystem se Encuentra Escuchando.
[INFO] 23:02:10:708 FileSystem/(3600:3600): Recibi un cliente
[INFO] 23:05:25:350 FileSystem/(3600:3600): Recibi un cliente
[INFO] 21:17:51:662 FileSystem/(5330:5330): Conectando con el Servidor Memoria...
[INFO] 21:17:51:666 FileSystem/(5330:5330): Conexión exitosa. Iniciando cliente...
[INFO] 21:17:51:667 FileSystem/(5330:5330): Creando Socket del Servidor FileSystem...
[INFO] 21:17:51:668 FileSystem/(5330:5330): Socket del Servidor FileSystem Creado Exitosamente.
[INFO] 21:17:51:668 FileSystem/(5330:5330): Realizando Handshake con Memoria
[INFO] 21:17:51:674 FileSystem/(5330:5330): El Handshake fue exitoso
[INFO] 21:17:51:674 FileSystem/(5330:5330): Servidor FileSystem se Encuentra Escuchando.
[INFO] 21:18:03:360 FileSystem/(5330:5330): Recibi un cliente
[INFO] 21:38:19:930 FileSystem/(23561:23561): Conectando con el Servidor Memoria...
[INFO] 21:38:19:932 FileSystem/(23561:23561): Conexión exitosa. Iniciando cliente...
[INFO] 21:38:19:932 FileSystem/(23561:23561): Creando Socket del Servidor FileSystem...
[INFO] 21:38:19:932 FileSystem/(23561:23561): Socket del Servidor FileSystem Creado Exitosamente.
[INFO] 21:38:19:932 FileSystem/(23561:23561): Realizando Handshake con Memoria
[INFO] 21:38:19:934 FileSystem/(23561:23561): El Handshake fue exitoso
[INFO] 21:38:19:935 FileSystem/(23561:23561): Servidor FileSystem se Encuentra Escuchando.
[INFO] 21:38:56:234 FileSystem/(23561:23561): Recibi un cliente
[INFO] 21:43:34:593 FileSystem/(23561:23561): Recibi un cliente
[INFO] 21:49:22:204 FileSystem/(23561:23561): Recibi un cliente
[INFO] 21:51:07:669 FileSystem/(23561:23561): Recibi un cliente
[INFO] 21:51:20:029 FileSystem/(23561:23561): Recibi un cliente
[INFO] 21:52:36:464 FileSystem/(23561:23561): Recibi un cliente
[INFO] 21:57:20:594 FileSystem/(23561:23561): Recibi un cliente
[INFO] 22:03:09:331 FileSystem/(23561:23561): Recibi un cliente
[INFO] 22:03:41:223 FileSystem/(23561:23561): Recibi un cliente
[INFO] 22:04:08:175 FileSystem/(23561:23561): Recibi un cliente
[INFO] 22:05:22:285 FileSystem/(23561:23561): Recibi un cliente
[INFO] 22:05:52:653 FileSystem/(23561:23561): Recibi un cliente
[INFO] 00:06:15:595 FileSystem/(23561:23561): Recibi un cliente
[INFO] 00:07:24:875 FileSystem/(23561:23561): Recibi un cliente
[INFO] 00:07:47:712 FileSystem/(23561:23561): Recibi un cliente
[INFO] 00:08:45:888 FileSystem/(23561:23561): Recibi un cliente
[INFO] 00:11:23:398 FileSystem/(23561:23561): Recibi un cliente
[INFO] 00:14:10:626 FileSystem/(27190:27190): Conectando con el Servidor Memoria...
[INFO] 00:14:10:631 FileSystem/(27190:27190): Conexión exitosa. Iniciando cliente...
[INFO] 00:14:10:632 FileSystem/(27190:27190): Creando Socket del Servidor FileSystem...
[INFO] 00:14:10:632 FileSystem/(27190:27190): Socket del Servidor FileSystem Creado Exitosamente.
[INFO] 00:14:10:632 FileSystem/(27190:27190): Realizando Handshake con Memoria
[INFO] 00:14:10:634 FileSystem/(27190:27190): El Handshake fue exitoso
[INFO] 00:14:10:634 FileSystem/(27190:27190): Servidor FileSystem se Encuentra Escuchando.
[INFO] 00:14:13:707 FileSystem/(27190:27190): Recibi un cliente
[INFO] 00:16:02:322 FileSystem/(27190:27190): Recibi un cliente
[INFO] 00:16:53:357 FileSystem/(27190:27190): Recibi un cliente
[INFO] 00:17:31:911 FileSystem/(27190:27190): Recibi un cliente
[INFO] 00:23:45:887 FileSystem/(27190:27190): Recibi un cliente
[INFO] 00:24:42:756 FileSystem/(27190:27190): Recibi un cliente
[INFO] 00:27:18:571 FileSystem/(27190:27190): Recibi un cliente
[INFO] 00:27:44:445 FileSystem/(27190:27190): Recibi un cliente
[INFO] 00:34:51:584 FileSystem/(28755:28755): Conectando con el Servidor Memoria...
[INFO] 00:34:51:592 FileSystem/(28755:28755): Conexión exitosa. Iniciando cliente...
[INFO] 00:34:51:593 FileSystem/(28755:28755): Creando Socket del Servidor FileSystem...
[INFO] 00:34:51:593 FileSystem/(28755:28755): Socket del Servidor FileSystem Creado Exitosamente.
[INFO] 00:34:51:593 FileSystem/(28755:28755): Realizando Handshake con Memoria
[INFO] 00:34:51:595 FileSystem/(28755:28755): El Handshake fue exitoso
[INFO] 00:34:51:595 FileSystem/(28755:28755): Servidor FileSystem se Encuentra Escuchando.
[INFO] 00:35:09:436 FileSystem/(28755:28755): Recibi un cliente
[INFO] 00:35:45:640 FileSystem/(28755:28755): Recibi un cliente
[INFO] 00:37:13:710 FileSystem/(28755:28755): Recibi un cliente
[INFO] 00:38:54:697 FileSystem/(28755:28755): Recibi un cliente
[INFO] 00:39:37:294 FileSystem/(28755:28755): Recibi un cliente
[INFO] 18:26:41:646 FileSystem/(2059:2059): Conectando con el Servidor Memoria...
[INFO] 18:26:41:655 FileSystem/(2059:2059): Conexión exitosa. Iniciando cliente...
[INFO] 18:26:41:655 FileSystem/(2059:2059): Creando Socket del Servidor FileSystem...
[INFO] 18:26:41:655 FileSystem/(2059:2059): Socket del Servidor FileSystem Creado Exitosamente.
[INFO] 18:26:41:656 FileSystem/(2059:2059): Realizando Handshake con Memoria
[INFO] 18:26:41:658 FileSystem/(2059:2059): El Handshake fue exitoso
[INFO] 18:26:41:658 FileSystem/(2059:2059): Servidor FileSystem se Encuentra Escuchando.
[INFO] 18:27:48:141 FileSystem/(2059:2059): Recibi un cliente
[INFO] 18:29:20:330 FileSystem/(2059:2059): Recibi un cliente
[INFO] 18:31:18:828 FileSystem/(2059:2059): Recibi un cliente
[INFO] 18:32:25:776 FileSystem/(2059:2059): Recibi un cliente
[INFO] 18:33:47:493 FileSystem/(2059:2059): Recibi un cliente
[INFO] 18:36:45:798 FileSystem/(2059:2059): Recibi un cliente
