[INFO] 20:49:06:364 Consola/(4418:4418): Conectando con el Servidor Kernel...
[INFO] 20:49:06:368 Consola/(4418:4418): Conexión exitosa. Iniciando cliente...
[INFO] 20:49:06:389 Consola/(4418:4418): Enviando lista de instrucciones al servidor Kernel.
[INFO] 20:49:06:391 Consola/(4418:4418): Cerrando conexion con el Servidor Kernel...
[INFO] 20:53:36:789 Consola/(4501:4501): Conectando con el Servidor Kernel...
[ERROR] 20:53:36:793 Consola/(4501:4501): Conexión rechazada. El Servidor Kernel no se encuentra disponible en este momento.
[INFO] 20:54:20:708 Consola/(4585:4585): Conectando con el Servidor Kernel...
[INFO] 20:54:20:713 Consola/(4585:4585): Conexión exitosa. Iniciando cliente...
[INFO] 20:54:20:715 Consola/(4585:4585): Enviando lista de instrucciones al servidor Kernel.
[INFO] 20:54:20:715 Consola/(4585:4585): Cerrando conexion con el Servidor Kernel...
[INFO] 18:44:05:592 Consola/(9430:9430): Conectando con el Servidor Kernel...
[INFO] 18:44:05:594 Consola/(9430:9430): Conexión exitosa. Iniciando cliente...
[INFO] 18:44:05:613 Consola/(9430:9430): Enviando lista de instrucciones al servidor Kernel.
[INFO] 18:44:05:613 Consola/(9430:9430): Cerrando conexion con el Servidor Kernel...
[INFO] 19:23:39:686 Consola/(13039:13039): Conectando con el Servidor Kernel...
[INFO] 19:23:39:691 Consola/(13039:13039): Conexión exitosa. Iniciando cliente...
[INFO] 19:23:39:691 Consola/(13039:13039): Enviando lista de instrucciones al servidor Kernel.
[INFO] 19:23:39:691 Consola/(13039:13039): Cerrando conexion con el Servidor Kernel...
[INFO] 18:59:45:822 Consola/(7815:7815): Conectando con el Servidor Kernel...
[INFO] 18:59:45:823 Consola/(7815:7815): Conexión exitosa. Iniciando cliente...
[INFO] 18:59:45:838 Consola/(7815:7815): Enviando lista de instrucciones al servidor Kernel.
[INFO] 18:59:45:839 Consola/(7815:7815): Cerrando conexion con el Servidor Kernel...
[INFO] 19:22:33:731 Consola/(9155:9155): Conectando con el Servidor Kernel...
[INFO] 19:22:33:733 Consola/(9155:9155): Conexión exitosa. Iniciando cliente...
[INFO] 19:22:33:733 Consola/(9155:9155): Enviando lista de instrucciones al servidor Kernel.
[INFO] 19:22:33:733 Consola/(9155:9155): Cerrando conexion con el Servidor Kernel...
[INFO] 19:37:26:571 Consola/(10295:10295): Conectando con el Servidor Kernel...
[INFO] 19:37:26:575 Consola/(10295:10295): Conexión exitosa. Iniciando cliente...
[INFO] 19:37:26:575 Consola/(10295:10295): Enviando lista de instrucciones al servidor Kernel.
[INFO] 19:37:26:575 Consola/(10295:10295): Cerrando conexion con el Servidor Kernel...
[INFO] 19:38:30:812 Consola/(10400:10400): Conectando con el Servidor Kernel...
[INFO] 19:38:30:815 Consola/(10400:10400): Conexión exitosa. Iniciando cliente...
[INFO] 19:38:30:821 Consola/(10400:10400): Enviando lista de instrucciones al servidor Kernel.
[INFO] 19:38:30:821 Consola/(10400:10400): Cerrando conexion con el Servidor Kernel...
[INFO] 19:39:04:422 Consola/(10451:10451): Conectando con el Servidor Kernel...
[INFO] 19:39:04:428 Consola/(10451:10451): Conexión exitosa. Iniciando cliente...
[INFO] 19:39:04:434 Consola/(10451:10451): Enviando lista de instrucciones al servidor Kernel.
[INFO] 19:39:04:434 Consola/(10451:10451): Cerrando conexion con el Servidor Kernel...
[INFO] 19:40:08:675 Consola/(10527:10527): Conectando con el Servidor Kernel...
[INFO] 19:40:08:675 Consola/(10527:10527): Conexión exitosa. Iniciando cliente...
[INFO] 19:40:08:676 Consola/(10527:10527): Enviando lista de instrucciones al servidor Kernel.
[INFO] 19:40:08:676 Consola/(10527:10527): Cerrando conexion con el Servidor Kernel...
[INFO] 19:40:34:201 Consola/(10576:10576): Conectando con el Servidor Kernel...
[INFO] 19:40:34:205 Consola/(10576:10576): Conexión exitosa. Iniciando cliente...
[INFO] 19:40:34:217 Consola/(10576:10576): Enviando lista de instrucciones al servidor Kernel.
[INFO] 19:40:34:218 Consola/(10576:10576): Cerrando conexion con el Servidor Kernel...
[INFO] 19:42:23:874 Consola/(10825:10825): Conectando con el Servidor Kernel...
[INFO] 19:42:23:875 Consola/(10825:10825): Conexión exitosa. Iniciando cliente...
[INFO] 19:42:23:875 Consola/(10825:10825): Enviando lista de instrucciones al servidor Kernel.
[INFO] 19:42:23:875 Consola/(10825:10825): Cerrando conexion con el Servidor Kernel...
[INFO] 19:43:49:405 Consola/(10984:10984): Conectando con el Servidor Kernel...
[INFO] 19:43:49:408 Consola/(10984:10984): Conexión exitosa. Iniciando cliente...
[INFO] 19:43:49:409 Consola/(10984:10984): Enviando lista de instrucciones al servidor Kernel.
[INFO] 19:43:49:409 Consola/(10984:10984): Cerrando conexion con el Servidor Kernel...
[INFO] 23:02:22:299 Consola/(3688:3688): Conectando con el Servidor Kernel...
[INFO] 23:02:22:301 Consola/(3688:3688): Conexión exitosa. Iniciando cliente...
[INFO] 23:02:22:302 Consola/(3688:3688): Enviando lista de instrucciones al servidor Kernel.
[INFO] 23:03:02:779 Consola/(3719:3719): Conectando con el Servidor Kernel...
[INFO] 23:03:02:780 Consola/(3719:3719): Conexión exitosa. Iniciando cliente...
[INFO] 23:03:04:843 Consola/(3719:3719): Enviando lista de instrucciones al servidor Kernel.
[INFO] 23:05:05:758 Consola/(3812:3812): Conectando con el Servidor Kernel...
[ERROR] 23:05:05:759 Consola/(3812:3812): Conexión rechazada. El Servidor Kernel no se encuentra disponible en este momento.
[INFO] 23:05:34:338 Consola/(3857:3857): Conectando con el Servidor Kernel...
[INFO] 23:05:34:338 Consola/(3857:3857): Conexión exitosa. Iniciando cliente...
[INFO] 23:06:07:807 Consola/(3857:3857): Enviando lista de instrucciones al servidor Kernel.
[INFO] 23:06:58:712 Consola/(4003:4003): Conectando con el Servidor Kernel...
[INFO] 23:06:58:713 Consola/(4003:4003): Conexión exitosa. Iniciando cliente...
[INFO] 23:06:58:713 Consola/(4003:4003): Enviando lista de instrucciones al servidor Kernel.
[INFO] 23:06:58:713 Consola/(4003:4003): Cerrando conexion con el Servidor Kernel...
[INFO] 23:07:15:255 Consola/(4019:4019): Conectando con el Servidor Kernel...
[INFO] 23:07:15:256 Consola/(4019:4019): Conexión exitosa. Iniciando cliente...
[INFO] 23:07:15:256 Consola/(4019:4019): Enviando lista de instrucciones al servidor Kernel.
[INFO] 23:07:15:256 Consola/(4019:4019): Cerrando conexion con el Servidor Kernel...
[INFO] 21:17:38:202 Consola/(5310:5310): Conectando con el Servidor Kernel...
[ERROR] 21:17:38:207 Consola/(5310:5310): Conexión rechazada. El Servidor Kernel no se encuentra disponible en este momento.
[INFO] 21:18:10:762 Consola/(5367:5367): Conectando con el Servidor Kernel...
[INFO] 21:18:10:765 Consola/(5367:5367): Conexión exitosa. Iniciando cliente...
[INFO] 21:18:10:768 Consola/(5367:5367): Enviando lista de instrucciones al servidor Kernel.
[INFO] 21:18:19:868 Consola/(5379:5379): Conectando con el Servidor Kernel...
[INFO] 21:18:19:868 Consola/(5379:5379): Conexión exitosa. Iniciando cliente...
[INFO] 21:18:19:868 Consola/(5379:5379): Enviando lista de instrucciones al servidor Kernel.
[INFO] 21:18:19:868 Consola/(5379:5379): Cerrando conexion con el Servidor Kernel...
[INFO] 21:18:32:530 Consola/(5390:5390): Conectando con el Servidor Kernel...
[INFO] 21:18:32:531 Consola/(5390:5390): Conexión exitosa. Iniciando cliente...
[INFO] 21:18:32:532 Consola/(5390:5390): Enviando lista de instrucciones al servidor Kernel.
[INFO] 21:18:46:222 Consola/(5401:5401): Conectando con el Servidor Kernel...
[INFO] 21:18:46:225 Consola/(5401:5401): Conexión exitosa. Iniciando cliente...
[INFO] 21:18:46:227 Consola/(5401:5401): Enviando lista de instrucciones al servidor Kernel.
[INFO] 21:18:46:227 Consola/(5401:5401): Cerrando conexion con el Servidor Kernel...
[INFO] 18:59:37:588 Consola/(12272:12272): Conectando con el Servidor Kernel...
[ERROR] 18:59:37:593 Consola/(12272:12272): Conexión rechazada. El Servidor Kernel no se encuentra disponible en este momento.
[INFO] 21:39:05:490 Consola/(23754:23754): Conectando con el Servidor Kernel...
[INFO] 21:39:05:598 Consola/(23754:23754): Conexión exitosa. Iniciando cliente...
[INFO] 21:39:05:646 Consola/(23754:23754): Cerrando conexion con el Servidor Kernel...
[INFO] 21:39:54:994 Consola/(23832:23832): Conectando con el Servidor Kernel...
[INFO] 21:39:55:038 Consola/(23832:23832): Conexión exitosa. Iniciando cliente...
[INFO] 21:39:55:077 Consola/(23832:23832): Cerrando conexion con el Servidor Kernel...
[INFO] 21:40:23:750 Consola/(23886:23886): Conectando con el Servidor Kernel...
[INFO] 21:40:23:799 Consola/(23886:23886): Conexión exitosa. Iniciando cliente...
[INFO] 21:40:23:849 Consola/(23886:23886): Cerrando conexion con el Servidor Kernel...
[INFO] 21:43:39:415 Consola/(24165:24165): Conectando con el Servidor Kernel...
[INFO] 21:43:39:415 Consola/(24165:24165): Conexión exitosa. Iniciando cliente...
[INFO] 21:43:39:415 Consola/(24165:24165): Enviando lista de instrucciones al servidor Kernel.
[INFO] 21:43:39:415 Consola/(24165:24165): Cerrando conexion con el Servidor Kernel...
[INFO] 21:49:27:313 Consola/(24869:24869): Conectando con el Servidor Kernel...
[INFO] 21:49:27:314 Consola/(24869:24869): Conexión exitosa. Iniciando cliente...
[INFO] 21:49:27:314 Consola/(24869:24869): Enviando lista de instrucciones al servidor Kernel.
[INFO] 21:49:27:316 Consola/(24869:24869): Cerrando conexion con el Servidor Kernel...
[INFO] 21:51:27:966 Consola/(25107:25107): Conectando con el Servidor Kernel...
[INFO] 21:51:27:967 Consola/(25107:25107): Conexión exitosa. Iniciando cliente...
[INFO] 21:51:27:967 Consola/(25107:25107): Enviando lista de instrucciones al servidor Kernel.
[INFO] 21:51:27:967 Consola/(25107:25107): Cerrando conexion con el Servidor Kernel...
[INFO] 21:52:28:515 Consola/(25179:25179): Conectando con el Servidor Kernel...
[ERROR] 21:52:28:520 Consola/(25179:25179): Conexión rechazada. El Servidor Kernel no se encuentra disponible en este momento.
[INFO] 21:52:40:213 Consola/(25249:25249): Conectando con el Servidor Kernel...
[INFO] 21:52:40:215 Consola/(25249:25249): Conexión exitosa. Iniciando cliente...
[INFO] 21:52:40:217 Consola/(25249:25249): Enviando lista de instrucciones al servidor Kernel.
[INFO] 21:52:40:218 Consola/(25249:25249): Cerrando conexion con el Servidor Kernel...
[INFO] 21:57:24:453 Consola/(25401:25401): Conectando con el Servidor Kernel...
[INFO] 21:57:24:453 Consola/(25401:25401): Conexión exitosa. Iniciando cliente...
[INFO] 21:57:24:454 Consola/(25401:25401): Enviando lista de instrucciones al servidor Kernel.
[INFO] 21:57:24:454 Consola/(25401:25401): Cerrando conexion con el Servidor Kernel...
[INFO] 22:03:18:821 Consola/(25688:25688): Conectando con el Servidor Kernel...
[INFO] 22:03:18:823 Consola/(25688:25688): Conexión exitosa. Iniciando cliente...
[INFO] 22:03:18:824 Consola/(25688:25688): Enviando lista de instrucciones al servidor Kernel.
[INFO] 22:03:18:825 Consola/(25688:25688): Cerrando conexion con el Servidor Kernel...
[INFO] 22:03:45:087 Consola/(25726:25726): Conectando con el Servidor Kernel...
[INFO] 22:03:45:089 Consola/(25726:25726): Conexión exitosa. Iniciando cliente...
[INFO] 22:03:45:089 Consola/(25726:25726): Enviando lista de instrucciones al servidor Kernel.
[INFO] 22:03:45:090 Consola/(25726:25726): Cerrando conexion con el Servidor Kernel...
[INFO] 22:04:12:156 Consola/(25804:25804): Conectando con el Servidor Kernel...
[INFO] 22:04:12:157 Consola/(25804:25804): Conexión exitosa. Iniciando cliente...
[INFO] 22:04:12:157 Consola/(25804:25804): Enviando lista de instrucciones al servidor Kernel.
[INFO] 22:04:12:157 Consola/(25804:25804): Cerrando conexion con el Servidor Kernel...
[INFO] 22:05:26:738 Consola/(25890:25890): Conectando con el Servidor Kernel...
[INFO] 22:05:26:740 Consola/(25890:25890): Conexión exitosa. Iniciando cliente...
[INFO] 22:05:26:740 Consola/(25890:25890): Enviando lista de instrucciones al servidor Kernel.
[INFO] 22:05:26:741 Consola/(25890:25890): Cerrando conexion con el Servidor Kernel...
[INFO] 22:05:56:321 Consola/(26044:26044): Conectando con el Servidor Kernel...
[INFO] 22:05:56:323 Consola/(26044:26044): Conexión exitosa. Iniciando cliente...
[INFO] 22:05:56:324 Consola/(26044:26044): Enviando lista de instrucciones al servidor Kernel.
[INFO] 22:05:56:325 Consola/(26044:26044): Cerrando conexion con el Servidor Kernel...
[INFO] 00:05:29:713 Consola/(26356:26356): Conectando con el Servidor Kernel...
[ERROR] 00:05:29:717 Consola/(26356:26356): Conexión rechazada. El Servidor Kernel no se encuentra disponible en este momento.
[INFO] 00:06:19:497 Consola/(26461:26461): Conectando con el Servidor Kernel...
[INFO] 00:06:19:499 Consola/(26461:26461): Conexión exitosa. Iniciando cliente...
[INFO] 00:06:19:500 Consola/(26461:26461): Enviando lista de instrucciones al servidor Kernel.
[INFO] 00:06:19:500 Consola/(26461:26461): Cerrando conexion con el Servidor Kernel...
[INFO] 00:07:18:895 Consola/(26764:26764): Conectando con el Servidor Kernel...
[ERROR] 00:07:18:897 Consola/(26764:26764): Conexión rechazada. El Servidor Kernel no se encuentra disponible en este momento.
[INFO] 00:07:52:468 Consola/(26850:26850): Conectando con el Servidor Kernel...
[INFO] 00:07:52:471 Consola/(26850:26850): Conexión exitosa. Iniciando cliente...
[INFO] 00:07:52:472 Consola/(26850:26850): Enviando lista de instrucciones al servidor Kernel.
[INFO] 00:07:52:472 Consola/(26850:26850): Cerrando conexion con el Servidor Kernel...
[INFO] 00:08:49:890 Consola/(26940:26940): Conectando con el Servidor Kernel...
[INFO] 00:08:49:890 Consola/(26940:26940): Conexión exitosa. Iniciando cliente...
[INFO] 00:08:49:891 Consola/(26940:26940): Enviando lista de instrucciones al servidor Kernel.
[INFO] 00:08:49:891 Consola/(26940:26940): Cerrando conexion con el Servidor Kernel...
[INFO] 00:11:09:335 Consola/(27012:27012): Conectando con el Servidor Kernel...
[ERROR] 00:11:09:337 Consola/(27012:27012): Conexión rechazada. El Servidor Kernel no se encuentra disponible en este momento.
[INFO] 00:11:31:190 Consola/(27036:27036): Conectando con el Servidor Kernel...
[INFO] 00:11:31:192 Consola/(27036:27036): Conexión exitosa. Iniciando cliente...
[INFO] 00:11:31:192 Consola/(27036:27036): Enviando lista de instrucciones al servidor Kernel.
[INFO] 00:11:31:195 Consola/(27036:27036): Cerrando conexion con el Servidor Kernel...
[INFO] 00:12:56:460 Consola/(27094:27094): Conectando con el Servidor Kernel...
[INFO] 00:12:56:462 Consola/(27094:27094): Conexión exitosa. Iniciando cliente...
[INFO] 00:12:56:462 Consola/(27094:27094): Enviando lista de instrucciones al servidor Kernel.
[INFO] 00:12:56:462 Consola/(27094:27094): Cerrando conexion con el Servidor Kernel...
[INFO] 00:13:39:582 Consola/(27132:27132): Conectando con el Servidor Kernel...
[ERROR] 00:13:39:592 Consola/(27132:27132): Conexión rechazada. El Servidor Kernel no se encuentra disponible en este momento.
[INFO] 00:13:52:466 Consola/(27159:27159): Conectando con el Servidor Kernel...
[ERROR] 00:13:52:475 Consola/(27159:27159): Conexión rechazada. El Servidor Kernel no se encuentra disponible en este momento.
[INFO] 00:14:23:097 Consola/(27215:27215): Conectando con el Servidor Kernel...
[INFO] 00:14:23:097 Consola/(27215:27215): Conexión exitosa. Iniciando cliente...
[INFO] 00:14:23:098 Consola/(27215:27215): Enviando lista de instrucciones al servidor Kernel.
[INFO] 00:14:23:098 Consola/(27215:27215): Cerrando conexion con el Servidor Kernel...
[INFO] 00:15:57:390 Consola/(27301:27301): Conectando con el Servidor Kernel...
[ERROR] 00:15:57:391 Consola/(27301:27301): Conexión rechazada. El Servidor Kernel no se encuentra disponible en este momento.
[INFO] 00:16:05:375 Consola/(27339:27339): Conectando con el Servidor Kernel...
[INFO] 00:16:05:376 Consola/(27339:27339): Conexión exitosa. Iniciando cliente...
[INFO] 00:16:05:377 Consola/(27339:27339): Enviando lista de instrucciones al servidor Kernel.
[INFO] 00:16:05:378 Consola/(27339:27339): Cerrando conexion con el Servidor Kernel...
[INFO] 00:16:57:934 Consola/(27437:27437): Conectando con el Servidor Kernel...
[INFO] 00:16:57:934 Consola/(27437:27437): Conexión exitosa. Iniciando cliente...
[INFO] 00:16:57:935 Consola/(27437:27437): Enviando lista de instrucciones al servidor Kernel.
[INFO] 00:16:57:936 Consola/(27437:27437): Cerrando conexion con el Servidor Kernel...
[INFO] 00:17:35:686 Consola/(27553:27553): Conectando con el Servidor Kernel...
[INFO] 00:17:35:687 Consola/(27553:27553): Conexión exitosa. Iniciando cliente...
[INFO] 00:17:35:688 Consola/(27553:27553): Enviando lista de instrucciones al servidor Kernel.
[INFO] 00:17:35:688 Consola/(27553:27553): Cerrando conexion con el Servidor Kernel...
[INFO] 00:23:50:270 Consola/(27821:27821): Conectando con el Servidor Kernel...
[INFO] 00:23:50:271 Consola/(27821:27821): Conexión exitosa. Iniciando cliente...
[INFO] 00:23:50:272 Consola/(27821:27821): Enviando lista de instrucciones al servidor Kernel.
[INFO] 00:23:50:272 Consola/(27821:27821): Cerrando conexion con el Servidor Kernel...
[INFO] 00:24:50:573 Consola/(27910:27910): Conectando con el Servidor Kernel...
[INFO] 00:24:50:574 Consola/(27910:27910): Conexión exitosa. Iniciando cliente...
[INFO] 00:24:50:574 Consola/(27910:27910): Enviando lista de instrucciones al servidor Kernel.
[INFO] 00:24:50:574 Consola/(27910:27910): Cerrando conexion con el Servidor Kernel...
[INFO] 00:25:22:697 Consola/(27941:27941): Conectando con el Servidor Kernel...
[INFO] 00:25:22:702 Consola/(27941:27941): Conexión exitosa. Iniciando cliente...
[INFO] 00:25:22:703 Consola/(27941:27941): Enviando lista de instrucciones al servidor Kernel.
[INFO] 00:25:22:703 Consola/(27941:27941): Cerrando conexion con el Servidor Kernel...
[INFO] 00:25:41:691 Consola/(28006:28006): Conectando con el Servidor Kernel...
[INFO] 00:25:41:698 Consola/(28006:28006): Conexión exitosa. Iniciando cliente...
[INFO] 00:25:41:699 Consola/(28006:28006): Enviando lista de instrucciones al servidor Kernel.
[INFO] 00:25:41:699 Consola/(28006:28006): Cerrando conexion con el Servidor Kernel...
[INFO] 00:27:22:268 Consola/(28186:28186): Conectando con el Servidor Kernel...
[INFO] 00:27:22:268 Consola/(28186:28186): Conexión exitosa. Iniciando cliente...
[INFO] 00:27:22:270 Consola/(28186:28186): Enviando lista de instrucciones al servidor Kernel.
[INFO] 00:27:22:275 Consola/(28186:28186): Cerrando conexion con el Servidor Kernel...
[INFO] 00:30:57:101 Consola/(28350:28350): Conectando con el Servidor Kernel...
[INFO] 00:30:57:146 Consola/(28350:28350): Conexión exitosa. Iniciando cliente...
[INFO] 00:30:57:185 Consola/(28350:28350): Enviando lista de instrucciones al servidor Kernel.
[INFO] 00:30:57:195 Consola/(28350:28350): Cerrando conexion con el Servidor Kernel...
[INFO] 00:32:32:907 Consola/(28552:28552): Conectando con el Servidor Kernel...
[ERROR] 00:32:32:911 Consola/(28552:28552): Conexión rechazada. El Servidor Kernel no se encuentra disponible en este momento.
[INFO] 00:32:45:255 Consola/(28583:28583): Conectando con el Servidor Kernel...
[ERROR] 00:32:45:263 Consola/(28583:28583): Conexión rechazada. El Servidor Kernel no se encuentra disponible en este momento.
[INFO] 00:34:32:193 Consola/(28732:28732): Conectando con el Servidor Kernel...
[ERROR] 00:34:32:258 Consola/(28732:28732): Conexión rechazada. El Servidor Kernel no se encuentra disponible en este momento.
[INFO] 00:35:55:808 Consola/(28846:28846): Conectando con el Servidor Kernel...
[INFO] 00:35:55:809 Consola/(28846:28846): Conexión exitosa. Iniciando cliente...
[INFO] 00:35:55:812 Consola/(28846:28846): Enviando lista de instrucciones al servidor Kernel.
[INFO] 00:35:55:817 Consola/(28846:28846): Cerrando conexion con el Servidor Kernel...
[INFO] 00:37:22:326 Consola/(28947:28947): Conectando con el Servidor Kernel...
[INFO] 00:37:22:328 Consola/(28947:28947): Conexión exitosa. Iniciando cliente...
[INFO] 00:37:22:329 Consola/(28947:28947): Enviando lista de instrucciones al servidor Kernel.
[INFO] 00:37:22:338 Consola/(28947:28947): Cerrando conexion con el Servidor Kernel...
[INFO] 00:39:01:393 Consola/(29064:29064): Conectando con el Servidor Kernel...
[INFO] 00:39:01:394 Consola/(29064:29064): Conexión exitosa. Iniciando cliente...
[INFO] 00:39:01:395 Consola/(29064:29064): Enviando lista de instrucciones al servidor Kernel.
[INFO] 00:39:01:398 Consola/(29064:29064): Cerrando conexion con el Servidor Kernel...
[INFO] 00:39:42:471 Consola/(29142:29142): Conectando con el Servidor Kernel...
[INFO] 00:39:42:571 Consola/(29142:29142): Conexión exitosa. Iniciando cliente...
[INFO] 00:39:42:614 Consola/(29142:29142): Enviando lista de instrucciones al servidor Kernel.
[INFO] 00:39:42:622 Consola/(29142:29142): Cerrando conexion con el Servidor Kernel...
[INFO] 00:43:24:494 Consola/(29375:29375): Conectando con el Servidor Kernel...
[INFO] 00:43:24:494 Consola/(29375:29375): Conexión exitosa. Iniciando cliente...
[INFO] 00:43:24:495 Consola/(29375:29375): Enviando lista de instrucciones al servidor Kernel.
[INFO] 00:43:24:495 Consola/(29375:29375): Cerrando conexion con el Servidor Kernel...
[INFO] 00:44:45:783 Consola/(29454:29454): Conectando con el Servidor Kernel...
[INFO] 00:44:45:784 Consola/(29454:29454): Conexión exitosa. Iniciando cliente...
[INFO] 00:44:45:785 Consola/(29454:29454): Enviando lista de instrucciones al servidor Kernel.
[INFO] 00:44:45:785 Consola/(29454:29454): Cerrando conexion con el Servidor Kernel...
[INFO] 00:45:12:653 Consola/(29501:29501): Conectando con el Servidor Kernel...
[INFO] 00:45:12:653 Consola/(29501:29501): Conexión exitosa. Iniciando cliente...
[INFO] 00:45:12:655 Consola/(29501:29501): Enviando lista de instrucciones al servidor Kernel.
[INFO] 00:45:12:660 Consola/(29501:29501): Cerrando conexion con el Servidor Kernel...
[INFO] 21:26:51:474 Consola/(3527:3527): Conectando con el Servidor Kernel...
[INFO] 21:26:51:572 Consola/(3527:3527): Conexión exitosa. Iniciando cliente...
[INFO] 21:26:51:621 Consola/(3527:3527): Enviando lista de instrucciones al servidor Kernel.
[INFO] 21:26:51:630 Consola/(3527:3527): Cerrando conexion con el Servidor Kernel...
[INFO] 21:49:40:304 Consola/(4226:4226): Conectando con el Servidor Kernel...
[INFO] 21:49:40:305 Consola/(4226:4226): Conexión exitosa. Iniciando cliente...
[INFO] 21:49:40:306 Consola/(4226:4226): Enviando lista de instrucciones al servidor Kernel.
[INFO] 21:49:40:307 Consola/(4226:4226): Cerrando conexion con el Servidor Kernel...
[INFO] 21:50:20:151 Consola/(4304:4304): Conectando con el Servidor Kernel...
[INFO] 21:50:20:151 Consola/(4304:4304): Conexión exitosa. Iniciando cliente...
[INFO] 21:50:20:153 Consola/(4304:4304): Enviando lista de instrucciones al servidor Kernel.
[INFO] 21:50:20:154 Consola/(4304:4304): Cerrando conexion con el Servidor Kernel...
[INFO] 21:50:46:350 Consola/(4364:4364): Conectando con el Servidor Kernel...
[INFO] 21:50:46:355 Consola/(4364:4364): Conexión exitosa. Iniciando cliente...
[INFO] 21:50:46:355 Consola/(4364:4364): Enviando lista de instrucciones al servidor Kernel.
[INFO] 21:50:46:356 Consola/(4364:4364): Cerrando conexion con el Servidor Kernel...
[INFO] 21:51:46:353 Consola/(4467:4467): Conectando con el Servidor Kernel...
[INFO] 21:51:46:357 Consola/(4467:4467): Conexión exitosa. Iniciando cliente...
[INFO] 21:51:46:358 Consola/(4467:4467): Enviando lista de instrucciones al servidor Kernel.
[INFO] 21:51:46:358 Consola/(4467:4467): Cerrando conexion con el Servidor Kernel...
[INFO] 21:52:15:465 Consola/(4571:4571): Conectando con el Servidor Kernel...
[INFO] 21:52:15:465 Consola/(4571:4571): Conexión exitosa. Iniciando cliente...
[INFO] 21:52:15:468 Consola/(4571:4571): Enviando lista de instrucciones al servidor Kernel.
[INFO] 21:52:15:470 Consola/(4571:4571): Cerrando conexion con el Servidor Kernel...
[INFO] 21:52:57:061 Consola/(4684:4684): Conectando con el Servidor Kernel...
[INFO] 21:52:57:064 Consola/(4684:4684): Conexión exitosa. Iniciando cliente...
[INFO] 21:52:57:066 Consola/(4684:4684): Enviando lista de instrucciones al servidor Kernel.
[INFO] 21:52:57:066 Consola/(4684:4684): Cerrando conexion con el Servidor Kernel...
[INFO] 21:53:38:726 Consola/(4845:4845): Conectando con el Servidor Kernel...
[INFO] 21:53:38:730 Consola/(4845:4845): Conexión exitosa. Iniciando cliente...
[INFO] 21:53:38:730 Consola/(4845:4845): Enviando lista de instrucciones al servidor Kernel.
[INFO] 21:53:38:732 Consola/(4845:4845): Cerrando conexion con el Servidor Kernel...
[INFO] 21:56:38:656 Consola/(6061:6061): Conectando con el Servidor Kernel...
[INFO] 21:56:38:657 Consola/(6061:6061): Conexión exitosa. Iniciando cliente...
[INFO] 21:56:38:657 Consola/(6061:6061): Enviando lista de instrucciones al servidor Kernel.
[INFO] 21:56:38:657 Consola/(6061:6061): Cerrando conexion con el Servidor Kernel...
[INFO] 21:58:40:325 Consola/(16075:16075): Conectando con el Servidor Kernel...
[INFO] 21:58:40:333 Consola/(16075:16075): Conexión exitosa. Iniciando cliente...
[INFO] 21:58:40:342 Consola/(16075:16075): Enviando lista de instrucciones al servidor Kernel.
[INFO] 21:58:40:342 Consola/(16075:16075): Cerrando conexion con el Servidor Kernel...
[INFO] 21:59:41:390 Consola/(19837:19837): Conectando con el Servidor Kernel...
[INFO] 21:59:41:394 Consola/(19837:19837): Conexión exitosa. Iniciando cliente...
[INFO] 21:59:41:396 Consola/(19837:19837): Enviando lista de instrucciones al servidor Kernel.
[INFO] 21:59:41:398 Consola/(19837:19837): Cerrando conexion con el Servidor Kernel...
[INFO] 22:03:32:560 Consola/(33494:33494): Conectando con el Servidor Kernel...
[INFO] 22:03:32:568 Consola/(33494:33494): Conexión exitosa. Iniciando cliente...
[INFO] 22:03:32:568 Consola/(33494:33494): Enviando lista de instrucciones al servidor Kernel.
[INFO] 22:03:32:569 Consola/(33494:33494): Cerrando conexion con el Servidor Kernel...
[INFO] 22:04:27:188 Consola/(33537:33537): Conectando con el Servidor Kernel...
[INFO] 22:04:27:189 Consola/(33537:33537): Conexión exitosa. Iniciando cliente...
[INFO] 22:04:27:189 Consola/(33537:33537): Enviando lista de instrucciones al servidor Kernel.
[INFO] 22:04:27:190 Consola/(33537:33537): Cerrando conexion con el Servidor Kernel...
[INFO] 22:05:23:388 Consola/(33575:33575): Conectando con el Servidor Kernel...
[INFO] 22:05:23:396 Consola/(33575:33575): Conexión exitosa. Iniciando cliente...
[INFO] 22:05:23:396 Consola/(33575:33575): Enviando lista de instrucciones al servidor Kernel.
[INFO] 22:05:23:397 Consola/(33575:33575): Cerrando conexion con el Servidor Kernel...
[INFO] 22:08:00:108 Consola/(33997:33997): Conectando con el Servidor Kernel...
[INFO] 22:08:00:114 Consola/(33997:33997): Conexión exitosa. Iniciando cliente...
[INFO] 22:08:00:114 Consola/(33997:33997): Enviando lista de instrucciones al servidor Kernel.
[INFO] 22:08:00:115 Consola/(33997:33997): Cerrando conexion con el Servidor Kernel...
[INFO] 22:09:06:233 Consola/(34144:34144): Conectando con el Servidor Kernel...
[INFO] 22:09:06:234 Consola/(34144:34144): Conexión exitosa. Iniciando cliente...
[INFO] 22:09:06:234 Consola/(34144:34144): Enviando lista de instrucciones al servidor Kernel.
[INFO] 22:09:06:236 Consola/(34144:34144): Cerrando conexion con el Servidor Kernel...
[INFO] 22:10:11:507 Consola/(34212:34212): Conectando con el Servidor Kernel...
[INFO] 22:10:11:508 Consola/(34212:34212): Conexión exitosa. Iniciando cliente...
[INFO] 22:10:11:509 Consola/(34212:34212): Enviando lista de instrucciones al servidor Kernel.
[INFO] 22:10:11:510 Consola/(34212:34212): Cerrando conexion con el Servidor Kernel...
[INFO] 22:11:06:797 Consola/(34340:34340): Conectando con el Servidor Kernel...
[INFO] 22:11:06:798 Consola/(34340:34340): Conexión exitosa. Iniciando cliente...
[INFO] 22:11:06:799 Consola/(34340:34340): Enviando lista de instrucciones al servidor Kernel.
[INFO] 22:11:06:799 Consola/(34340:34340): Cerrando conexion con el Servidor Kernel...
[INFO] 22:12:34:683 Consola/(34408:34408): Conectando con el Servidor Kernel...
[INFO] 22:12:34:690 Consola/(34408:34408): Conexión exitosa. Iniciando cliente...
[INFO] 22:12:34:691 Consola/(34408:34408): Enviando lista de instrucciones al servidor Kernel.
[INFO] 22:12:34:692 Consola/(34408:34408): Cerrando conexion con el Servidor Kernel...
[INFO] 22:13:53:593 Consola/(34518:34518): Conectando con el Servidor Kernel...
[INFO] 22:13:53:595 Consola/(34518:34518): Conexión exitosa. Iniciando cliente...
[INFO] 22:13:53:597 Consola/(34518:34518): Enviando lista de instrucciones al servidor Kernel.
[INFO] 22:13:53:597 Consola/(34518:34518): Cerrando conexion con el Servidor Kernel...
[INFO] 22:14:34:276 Consola/(34605:34605): Conectando con el Servidor Kernel...
[INFO] 22:14:34:276 Consola/(34605:34605): Conexión exitosa. Iniciando cliente...
[INFO] 22:14:34:277 Consola/(34605:34605): Enviando lista de instrucciones al servidor Kernel.
[INFO] 22:14:34:277 Consola/(34605:34605): Cerrando conexion con el Servidor Kernel...
[INFO] 22:15:53:932 Consola/(34761:34761): Conectando con el Servidor Kernel...
[INFO] 22:15:53:934 Consola/(34761:34761): Conexión exitosa. Iniciando cliente...
[INFO] 22:15:53:934 Consola/(34761:34761): Enviando lista de instrucciones al servidor Kernel.
[INFO] 22:15:53:935 Consola/(34761:34761): Cerrando conexion con el Servidor Kernel...
[INFO] 23:19:41:738 Consola/(35045:35045): Conectando con el Servidor Kernel...
[INFO] 23:19:41:738 Consola/(35045:35045): Conexión exitosa. Iniciando cliente...
[INFO] 23:19:41:738 Consola/(35045:35045): Enviando lista de instrucciones al servidor Kernel.
[INFO] 23:19:41:739 Consola/(35045:35045): Cerrando conexion con el Servidor Kernel...
[INFO] 18:27:58:284 Consola/(2236:2236): Conectando con el Servidor Kernel...
[INFO] 18:27:58:295 Consola/(2236:2236): Conexión exitosa. Iniciando cliente...
[INFO] 18:27:58:300 Consola/(2236:2236): Enviando lista de instrucciones al servidor Kernel.
[INFO] 18:27:58:300 Consola/(2236:2236): Cerrando conexion con el Servidor Kernel...
[INFO] 18:29:25:903 Consola/(2319:2319): Conectando con el Servidor Kernel...
[INFO] 18:29:25:905 Consola/(2319:2319): Conexión exitosa. Iniciando cliente...
[INFO] 18:29:25:905 Consola/(2319:2319): Enviando lista de instrucciones al servidor Kernel.
[INFO] 18:29:25:906 Consola/(2319:2319): Cerrando conexion con el Servidor Kernel...
[INFO] 18:31:05:868 Consola/(2363:2363): Conectando con el Servidor Kernel...
[INFO] 18:31:05:871 Consola/(2363:2363): Conexión exitosa. Iniciando cliente...
[INFO] 18:31:05:871 Consola/(2363:2363): Enviando lista de instrucciones al servidor Kernel.
[INFO] 18:31:05:871 Consola/(2363:2363): Cerrando conexion con el Servidor Kernel...
[INFO] 18:31:25:946 Consola/(2410:2410): Conectando con el Servidor Kernel...
[INFO] 18:31:25:949 Consola/(2410:2410): Conexión exitosa. Iniciando cliente...
[INFO] 18:31:25:951 Consola/(2410:2410): Enviando lista de instrucciones al servidor Kernel.
[INFO] 18:31:25:952 Consola/(2410:2410): Cerrando conexion con el Servidor Kernel...
[INFO] 18:32:29:585 Consola/(2538:2538): Conectando con el Servidor Kernel...
[INFO] 18:32:29:588 Consola/(2538:2538): Conexión exitosa. Iniciando cliente...
[INFO] 18:32:29:588 Consola/(2538:2538): Enviando lista de instrucciones al servidor Kernel.
[INFO] 18:32:29:589 Consola/(2538:2538): Cerrando conexion con el Servidor Kernel...
[INFO] 18:33:51:905 Consola/(2748:2748): Conectando con el Servidor Kernel...
[INFO] 18:33:51:906 Consola/(2748:2748): Conexión exitosa. Iniciando cliente...
[INFO] 18:33:51:907 Consola/(2748:2748): Enviando lista de instrucciones al servidor Kernel.
[INFO] 18:33:51:908 Consola/(2748:2748): Cerrando conexion con el Servidor Kernel...
[INFO] 18:36:55:636 Consola/(2977:2977): Conectando con el Servidor Kernel...
[INFO] 18:36:55:641 Consola/(2977:2977): Conexión exitosa. Iniciando cliente...
[INFO] 18:36:55:641 Consola/(2977:2977): Enviando lista de instrucciones al servidor Kernel.
[INFO] 18:36:55:641 Consola/(2977:2977): Cerrando conexion con el Servidor Kernel...
