[INFO] 20:25:17:367 Memoria/(3097:3097): Recibi un cliente
[INFO] 18:34:41:493 Memoria/(8381:8381): Creando Socket del Servidor Memoria...
[INFO] 18:34:41:498 Memoria/(8381:8381): Socket del Servidor Memoria Creado Exitosamente.
[INFO] 18:34:41:498 Memoria/(8381:8381): Servidor Memoria se Encuentra Escuchando.
[INFO] 18:34:56:033 Memoria/(8381:8381): Recibi un cliente
[INFO] 18:41:49:485 Memoria/(9282:9282): Creando Socket del Servidor Memoria...
[INFO] 18:41:49:492 Memoria/(9282:9282): Socket del Servidor Memoria Creado Exitosamente.
[INFO] 18:41:49:492 Memoria/(9282:9282): Servidor Memoria se Encuentra Escuchando.
[INFO] 18:41:58:608 Memoria/(9282:9282): Recibi un cliente
[INFO] 18:42:16:634 Memoria/(9282:9282): Recibi un cliente
[INFO] 18:42:30:202 Memoria/(9282:9282): Recibi un cliente
[INFO] 18:42:30:205 Memoria/(9282:9282): Recibi un cliente
[INFO] 18:43:03:040 Memoria/(9282:9282): Recibi un cliente
[INFO] 18:46:00:490 Memoria/(9282:9282): Recibi un cliente
[INFO] 18:46:00:491 Memoria/(9282:9282): Recibi un cliente
[INFO] 18:46:36:368 Memoria/(9282:9282): Recibi un cliente
[INFO] 18:48:07:933 Memoria/(9282:9282): Recibi un cliente
[INFO] 18:49:20:154 Memoria/(9282:9282): Recibi un cliente
[INFO] 19:01:46:391 Memoria/(9282:9282): Recibi un cliente
[INFO] 19:02:24:756 Memoria/(9282:9282): Recibi un cliente
[ERROR] 19:06:14:733 Memoria/(11472:11472): No se pudo Encontrar el Archivo de configuracion
[INFO] 19:06:25:143 Memoria/(11488:11488): Creando Socket del Servidor Memoria...
[INFO] 19:06:25:148 Memoria/(11488:11488): Socket del Servidor Memoria Creado Exitosamente.
[INFO] 19:06:25:149 Memoria/(11488:11488): Servidor Memoria se Encuentra Escuchando.
