[INFO] 00:38:42:236 CPU/(3395:3395): Conectando con el Servidor Memoria...
[INFO] 00:38:42:239 CPU/(3395:3395): Conexión exitosa. Iniciando cliente...
[INFO] 00:38:42:244 CPU/(3395:3395): Creando Socket del Servidor Cpu...
[INFO] 00:38:42:244 CPU/(3395:3395): Socket del Servidor Cpu Creado Exitosamente.
[INFO] 00:38:42:245 CPU/(3395:3395): Realizando Handshake con Memoria
[INFO] 00:38:42:248 CPU/(3395:3395): El Handshake fue exitoso
[INFO] 00:38:42:248 CPU/(3395:3395): Servidor Cpu se Encuentra Escuchando.
[INFO] 00:41:09:597 CPU/(3571:3571): Conectando con el Servidor Memoria...
[INFO] 00:41:09:605 CPU/(3571:3571): Conexión exitosa. Iniciando cliente...
[INFO] 00:41:09:606 CPU/(3571:3571): Creando Socket del Servidor Cpu...
[INFO] 00:41:09:606 CPU/(3571:3571): Socket del Servidor Cpu Creado Exitosamente.
[INFO] 00:41:09:610 CPU/(3571:3571): Realizando Handshake con Memoria
[INFO] 00:41:09:612 CPU/(3571:3571): El Handshake fue exitoso
[INFO] 00:41:09:612 CPU/(3571:3571): Servidor Cpu se Encuentra Escuchando.
[INFO] 00:41:17:547 CPU/(3571:3571): Recibi un cliente
[INFO] 13:51:51:229 CPU/(7803:7803): Conectando con el Servidor Memoria...
[INFO] 13:51:51:236 CPU/(7803:7803): Conexión exitosa. Iniciando cliente...
[INFO] 13:51:51:237 CPU/(7803:7803): Creando Socket del Servidor Cpu...
[INFO] 13:51:51:238 CPU/(7803:7803): Socket del Servidor Cpu Creado Exitosamente.
[INFO] 13:51:51:238 CPU/(7803:7803): Realizando Handshake con Memoria
[INFO] 13:51:51:241 CPU/(7803:7803): El Handshake fue exitoso
[INFO] 13:51:51:241 CPU/(7803:7803): Servidor Cpu se Encuentra Escuchando.
[INFO] 13:53:51:990 CPU/(7803:7803): Recibi un cliente
[INFO] 13:58:57:455 CPU/(8244:8244): Conectando con el Servidor Memoria...
[INFO] 13:58:57:460 CPU/(8244:8244): Conexión exitosa. Iniciando cliente...
[INFO] 13:58:57:460 CPU/(8244:8244): Creando Socket del Servidor Cpu...
[INFO] 13:58:57:463 CPU/(8244:8244): Socket del Servidor Cpu Creado Exitosamente.
[INFO] 13:58:57:463 CPU/(8244:8244): Realizando Handshake con Memoria
[INFO] 13:58:57:463 CPU/(8244:8244): El Handshake fue exitoso
[INFO] 13:58:57:463 CPU/(8244:8244): Servidor Cpu se Encuentra Escuchando.
[INFO] 13:59:05:319 CPU/(8244:8244): Recibi un cliente
[INFO] 13:59:33:762 CPU/(8308:8308): Conectando con el Servidor Memoria...
[INFO] 13:59:33:767 CPU/(8308:8308): Conexión exitosa. Iniciando cliente...
[INFO] 13:59:33:768 CPU/(8308:8308): Creando Socket del Servidor Cpu...
[INFO] 13:59:33:768 CPU/(8308:8308): Socket del Servidor Cpu Creado Exitosamente.
[INFO] 13:59:33:768 CPU/(8308:8308): Realizando Handshake con Memoria
[INFO] 13:59:33:770 CPU/(8308:8308): El Handshake fue exitoso
[INFO] 13:59:33:770 CPU/(8308:8308): Servidor Cpu se Encuentra Escuchando.
[INFO] 14:00:26:668 CPU/(8308:8308): Recibi un cliente
[INFO] 14:00:45:251 CPU/(8378:8378): Conectando con el Servidor Memoria...
[INFO] 14:00:45:255 CPU/(8378:8378): Conexión exitosa. Iniciando cliente...
[INFO] 14:00:45:255 CPU/(8378:8378): Creando Socket del Servidor Cpu...
[INFO] 14:00:45:255 CPU/(8378:8378): Socket del Servidor Cpu Creado Exitosamente.
[INFO] 14:00:45:255 CPU/(8378:8378): Realizando Handshake con Memoria
[INFO] 14:00:45:260 CPU/(8378:8378): El Handshake fue exitoso
[INFO] 14:00:45:260 CPU/(8378:8378): Servidor Cpu se Encuentra Escuchando.
[INFO] 14:02:12:053 CPU/(8404:8404): Conectando con el Servidor Memoria...
[INFO] 14:02:12:060 CPU/(8404:8404): Conexión exitosa. Iniciando cliente...
[INFO] 14:02:12:060 CPU/(8404:8404): Creando Socket del Servidor Cpu...
[INFO] 14:02:12:060 CPU/(8404:8404): Socket del Servidor Cpu Creado Exitosamente.
[INFO] 14:02:12:061 CPU/(8404:8404): Realizando Handshake con Memoria
[INFO] 14:02:12:063 CPU/(8404:8404): El Handshake fue exitoso
[INFO] 14:02:12:063 CPU/(8404:8404): Servidor Cpu se Encuentra Escuchando.
[INFO] 14:02:20:998 CPU/(8404:8404): Recibi un cliente
[INFO] 14:03:43:075 CPU/(8490:8490): Conectando con el Servidor Memoria...
[INFO] 14:03:43:080 CPU/(8490:8490): Conexión exitosa. Iniciando cliente...
[INFO] 14:03:43:080 CPU/(8490:8490): Creando Socket del Servidor Cpu...
[INFO] 14:03:43:080 CPU/(8490:8490): Socket del Servidor Cpu Creado Exitosamente.
[INFO] 14:03:43:080 CPU/(8490:8490): Realizando Handshake con Memoria
[INFO] 14:03:43:080 CPU/(8490:8490): El Handshake fue exitoso
[INFO] 14:03:43:080 CPU/(8490:8490): Servidor Cpu se Encuentra Escuchando.
[INFO] 14:04:06:072 CPU/(8490:8490): Recibi un cliente
[INFO] 14:07:17:611 CPU/(8661:8661): Conectando con el Servidor Memoria...
[INFO] 14:07:17:616 CPU/(8661:8661): Conexión exitosa. Iniciando cliente...
[INFO] 14:07:17:616 CPU/(8661:8661): Creando Socket del Servidor Cpu...
[INFO] 14:07:17:617 CPU/(8661:8661): Socket del Servidor Cpu Creado Exitosamente.
[INFO] 14:07:17:617 CPU/(8661:8661): Realizando Handshake con Memoria
[INFO] 14:07:17:620 CPU/(8661:8661): El Handshake fue exitoso
[INFO] 14:07:17:620 CPU/(8661:8661): Servidor Cpu se Encuentra Escuchando.
[INFO] 14:07:37:122 CPU/(8661:8661): Recibi un cliente
[INFO] 14:08:20:991 CPU/(8749:8749): Conectando con el Servidor Memoria...
[INFO] 14:08:20:992 CPU/(8749:8749): Conexión exitosa. Iniciando cliente...
[INFO] 14:08:20:992 CPU/(8749:8749): Creando Socket del Servidor Cpu...
[INFO] 14:08:20:992 CPU/(8749:8749): Socket del Servidor Cpu Creado Exitosamente.
[INFO] 14:08:20:992 CPU/(8749:8749): Realizando Handshake con Memoria
[INFO] 14:08:20:995 CPU/(8749:8749): El Handshake fue exitoso
[INFO] 14:08:20:995 CPU/(8749:8749): Servidor Cpu se Encuentra Escuchando.
[INFO] 14:08:49:492 CPU/(8749:8749): Recibi un cliente
[INFO] 14:14:21:372 CPU/(9151:9151): Conectando con el Servidor Memoria...
[INFO] 14:14:21:378 CPU/(9151:9151): Conexión exitosa. Iniciando cliente...
[INFO] 14:14:21:378 CPU/(9151:9151): Creando Socket del Servidor Cpu...
[INFO] 14:14:21:379 CPU/(9151:9151): Socket del Servidor Cpu Creado Exitosamente.
[INFO] 14:14:21:379 CPU/(9151:9151): Realizando Handshake con Memoria
[INFO] 14:14:21:381 CPU/(9151:9151): El Handshake fue exitoso
[INFO] 14:14:21:381 CPU/(9151:9151): Servidor Cpu se Encuentra Escuchando.
[INFO] 14:14:32:702 CPU/(9151:9151): Recibi un cliente
[INFO] 14:16:29:038 CPU/(9321:9321): Conectando con el Servidor Memoria...
[INFO] 14:16:29:044 CPU/(9321:9321): Conexión exitosa. Iniciando cliente...
[INFO] 14:16:29:044 CPU/(9321:9321): Creando Socket del Servidor Cpu...
[INFO] 14:16:29:049 CPU/(9321:9321): Socket del Servidor Cpu Creado Exitosamente.
[INFO] 14:16:29:049 CPU/(9321:9321): Realizando Handshake con Memoria
[INFO] 14:16:29:051 CPU/(9321:9321): El Handshake fue exitoso
[INFO] 14:16:29:051 CPU/(9321:9321): Servidor Cpu se Encuentra Escuchando.
[INFO] 14:17:25:288 CPU/(9403:9403): Conectando con el Servidor Memoria...
[INFO] 14:17:25:293 CPU/(9403:9403): Conexión exitosa. Iniciando cliente...
[INFO] 14:17:25:294 CPU/(9403:9403): Creando Socket del Servidor Cpu...
[INFO] 14:17:25:296 CPU/(9403:9403): Socket del Servidor Cpu Creado Exitosamente.
[INFO] 14:17:25:296 CPU/(9403:9403): Realizando Handshake con Memoria
[INFO] 14:17:25:302 CPU/(9403:9403): El Handshake fue exitoso
[INFO] 14:17:25:302 CPU/(9403:9403): Servidor Cpu se Encuentra Escuchando.
[INFO] 14:17:41:053 CPU/(9403:9403): Recibi un cliente
[INFO] 14:20:20:034 CPU/(9575:9575): Conectando con el Servidor Memoria...
[INFO] 14:20:20:043 CPU/(9575:9575): Conexión exitosa. Iniciando cliente...
[INFO] 14:20:20:044 CPU/(9575:9575): Creando Socket del Servidor Cpu...
[INFO] 14:20:20:044 CPU/(9575:9575): Socket del Servidor Cpu Creado Exitosamente.
[INFO] 14:20:20:044 CPU/(9575:9575): Realizando Handshake con Memoria
[INFO] 14:20:20:047 CPU/(9575:9575): El Handshake fue exitoso
[INFO] 14:20:20:047 CPU/(9575:9575): Servidor Cpu se Encuentra Escuchando.
[INFO] 14:20:31:555 CPU/(9575:9575): Recibi un cliente
[INFO] 14:21:03:659 CPU/(9657:9657): Conectando con el Servidor Memoria...
[INFO] 14:21:03:664 CPU/(9657:9657): Conexión exitosa. Iniciando cliente...
[INFO] 14:21:03:664 CPU/(9657:9657): Creando Socket del Servidor Cpu...
[INFO] 14:21:03:664 CPU/(9657:9657): Socket del Servidor Cpu Creado Exitosamente.
[INFO] 14:21:03:664 CPU/(9657:9657): Realizando Handshake con Memoria
[INFO] 14:21:03:666 CPU/(9657:9657): El Handshake fue exitoso
[INFO] 14:21:03:666 CPU/(9657:9657): Servidor Cpu se Encuentra Escuchando.
[INFO] 14:21:12:800 CPU/(9657:9657): Recibi un cliente
[INFO] 14:21:34:037 CPU/(9724:9724): Conectando con el Servidor Memoria...
[INFO] 14:21:34:042 CPU/(9724:9724): Conexión exitosa. Iniciando cliente...
[INFO] 14:21:34:042 CPU/(9724:9724): Creando Socket del Servidor Cpu...
[INFO] 14:21:34:043 CPU/(9724:9724): Socket del Servidor Cpu Creado Exitosamente.
[INFO] 14:21:34:043 CPU/(9724:9724): Realizando Handshake con Memoria
[INFO] 14:21:34:045 CPU/(9724:9724): El Handshake fue exitoso
[INFO] 14:21:34:045 CPU/(9724:9724): Servidor Cpu se Encuentra Escuchando.
[INFO] 14:21:41:641 CPU/(9724:9724): Recibi un cliente
[INFO] 14:26:21:969 CPU/(9965:9965): Conectando con el Servidor Memoria...
[INFO] 14:26:21:975 CPU/(9965:9965): Conexión exitosa. Iniciando cliente...
[INFO] 14:26:21:976 CPU/(9965:9965): Creando Socket del Servidor Cpu...
[INFO] 14:26:21:976 CPU/(9965:9965): Socket del Servidor Cpu Creado Exitosamente.
[INFO] 14:26:21:976 CPU/(9965:9965): Realizando Handshake con Memoria
[INFO] 14:26:21:977 CPU/(9965:9965): El Handshake fue exitoso
[INFO] 14:26:21:977 CPU/(9965:9965): Servidor Cpu se Encuentra Escuchando.
[INFO] 14:26:38:448 CPU/(9965:9965): Recibi un cliente
[INFO] 14:27:55:194 CPU/(10050:10050): Conectando con el Servidor Memoria...
[INFO] 14:27:55:200 CPU/(10050:10050): Conexión exitosa. Iniciando cliente...
[INFO] 14:27:55:200 CPU/(10050:10050): Creando Socket del Servidor Cpu...
[INFO] 14:27:55:201 CPU/(10050:10050): Socket del Servidor Cpu Creado Exitosamente.
[INFO] 14:27:55:201 CPU/(10050:10050): Realizando Handshake con Memoria
[INFO] 14:27:55:203 CPU/(10050:10050): El Handshake fue exitoso
[INFO] 14:27:55:203 CPU/(10050:10050): Servidor Cpu se Encuentra Escuchando.
[INFO] 14:28:07:905 CPU/(10050:10050): Recibi un cliente
[INFO] 14:30:34:435 CPU/(10321:10321): Conectando con el Servidor Memoria...
[INFO] 14:30:34:439 CPU/(10321:10321): Conexión exitosa. Iniciando cliente...
[INFO] 14:30:34:440 CPU/(10321:10321): Creando Socket del Servidor Cpu...
[INFO] 14:30:34:440 CPU/(10321:10321): Socket del Servidor Cpu Creado Exitosamente.
[INFO] 14:30:34:440 CPU/(10321:10321): Realizando Handshake con Memoria
[INFO] 14:30:34:442 CPU/(10321:10321): El Handshake fue exitoso
[INFO] 14:30:34:442 CPU/(10321:10321): Servidor Cpu se Encuentra Escuchando.
[INFO] 14:31:16:035 CPU/(10452:10452): Conectando con el Servidor Memoria...
[INFO] 14:31:16:040 CPU/(10452:10452): Conexión exitosa. Iniciando cliente...
[INFO] 14:31:16:041 CPU/(10452:10452): Creando Socket del Servidor Cpu...
[INFO] 14:31:16:041 CPU/(10452:10452): Socket del Servidor Cpu Creado Exitosamente.
[INFO] 14:31:16:041 CPU/(10452:10452): Realizando Handshake con Memoria
[INFO] 14:31:16:043 CPU/(10452:10452): El Handshake fue exitoso
[INFO] 14:31:16:043 CPU/(10452:10452): Servidor Cpu se Encuentra Escuchando.
[INFO] 14:31:30:573 CPU/(10452:10452): Recibi un cliente
[INFO] 14:33:54:793 CPU/(10740:10740): Conectando con el Servidor Memoria...
[INFO] 14:33:54:800 CPU/(10740:10740): Conexión exitosa. Iniciando cliente...
[INFO] 14:33:54:801 CPU/(10740:10740): Creando Socket del Servidor Cpu...
[INFO] 14:33:54:801 CPU/(10740:10740): Socket del Servidor Cpu Creado Exitosamente.
[INFO] 14:33:54:801 CPU/(10740:10740): Realizando Handshake con Memoria
[INFO] 14:33:54:801 CPU/(10740:10740): El Handshake fue exitoso
[INFO] 14:33:54:801 CPU/(10740:10740): Servidor Cpu se Encuentra Escuchando.
[INFO] 14:34:03:389 CPU/(10740:10740): Recibi un cliente
[INFO] 14:34:41:262 CPU/(10810:10810): Conectando con el Servidor Memoria...
[INFO] 14:34:41:263 CPU/(10810:10810): Conexión exitosa. Iniciando cliente...
[INFO] 14:34:41:263 CPU/(10810:10810): Creando Socket del Servidor Cpu...
[INFO] 14:34:41:263 CPU/(10810:10810): Socket del Servidor Cpu Creado Exitosamente.
[INFO] 14:34:41:263 CPU/(10810:10810): Realizando Handshake con Memoria
[INFO] 14:34:41:264 CPU/(10810:10810): El Handshake fue exitoso
[INFO] 14:34:41:264 CPU/(10810:10810): Servidor Cpu se Encuentra Escuchando.
[INFO] 14:34:48:916 CPU/(10810:10810): Recibi un cliente
[INFO] 14:37:38:970 CPU/(10984:10984): Conectando con el Servidor Memoria...
[INFO] 14:37:38:972 CPU/(10984:10984): Conexión exitosa. Iniciando cliente...
[INFO] 14:37:38:972 CPU/(10984:10984): Creando Socket del Servidor Cpu...
[INFO] 14:37:38:972 CPU/(10984:10984): Socket del Servidor Cpu Creado Exitosamente.
[INFO] 14:37:38:972 CPU/(10984:10984): Realizando Handshake con Memoria
[INFO] 14:37:38:975 CPU/(10984:10984): El Handshake fue exitoso
[INFO] 14:37:38:975 CPU/(10984:10984): Servidor Cpu se Encuentra Escuchando.
[INFO] 14:37:52:378 CPU/(10984:10984): Recibi un cliente
[INFO] 14:40:55:481 CPU/(11181:11181): Conectando con el Servidor Memoria...
[INFO] 14:40:55:487 CPU/(11181:11181): Conexión exitosa. Iniciando cliente...
[INFO] 14:40:55:487 CPU/(11181:11181): Creando Socket del Servidor Cpu...
[INFO] 14:40:55:487 CPU/(11181:11181): Socket del Servidor Cpu Creado Exitosamente.
[INFO] 14:40:55:487 CPU/(11181:11181): Realizando Handshake con Memoria
[INFO] 14:40:55:489 CPU/(11181:11181): El Handshake fue exitoso
[INFO] 14:40:55:489 CPU/(11181:11181): Servidor Cpu se Encuentra Escuchando.
[INFO] 14:41:02:694 CPU/(11181:11181): Recibi un cliente
[INFO] 14:48:06:494 CPU/(11294:11294): Conectando con el Servidor Memoria...
[INFO] 14:48:06:499 CPU/(11294:11294): Conexión exitosa. Iniciando cliente...
[INFO] 14:48:06:499 CPU/(11294:11294): Creando Socket del Servidor Cpu...
[INFO] 14:48:06:499 CPU/(11294:11294): Socket del Servidor Cpu Creado Exitosamente.
[INFO] 14:48:06:499 CPU/(11294:11294): Realizando Handshake con Memoria
[INFO] 14:48:06:502 CPU/(11294:11294): El Handshake fue exitoso
[INFO] 14:48:06:502 CPU/(11294:11294): Servidor Cpu se Encuentra Escuchando.
[INFO] 14:48:52:025 CPU/(11331:11331): Conectando con el Servidor Memoria...
[ERROR] 14:48:52:028 CPU/(11331:11331): Conexión rechazada. El Servidor Memoria no se encuentra disponible en este momento.
[INFO] 14:49:29:126 CPU/(11378:11378): Conectando con el Servidor Memoria...
[INFO] 14:49:29:130 CPU/(11378:11378): Conexión exitosa. Iniciando cliente...
[INFO] 14:49:29:132 CPU/(11378:11378): Creando Socket del Servidor Cpu...
[INFO] 14:49:29:133 CPU/(11378:11378): Socket del Servidor Cpu Creado Exitosamente.
[INFO] 14:49:29:133 CPU/(11378:11378): Realizando Handshake con Memoria
[INFO] 14:49:29:135 CPU/(11378:11378): El Handshake fue exitoso
[INFO] 14:49:57:600 CPU/(11410:11410): Conectando con el Servidor Memoria...
[INFO] 14:49:57:602 CPU/(11410:11410): Conexión exitosa. Iniciando cliente...
[INFO] 14:49:57:602 CPU/(11410:11410): Creando Socket del Servidor Cpu...
[INFO] 14:49:57:602 CPU/(11410:11410): Socket del Servidor Cpu Creado Exitosamente.
[INFO] 14:49:57:602 CPU/(11410:11410): Realizando Handshake con Memoria
[INFO] 14:49:57:605 CPU/(11410:11410): El Handshake fue exitoso
[INFO] 14:50:04:414 CPU/(11444:11444): Conectando con el Servidor Memoria...
[INFO] 14:50:04:425 CPU/(11444:11444): Conexión exitosa. Iniciando cliente...
[INFO] 14:50:04:425 CPU/(11444:11444): Creando Socket del Servidor Cpu...
[INFO] 14:50:04:426 CPU/(11444:11444): Socket del Servidor Cpu Creado Exitosamente.
[INFO] 14:50:04:426 CPU/(11444:11444): Realizando Handshake con Memoria
[INFO] 14:50:04:428 CPU/(11444:11444): El Handshake fue exitoso
[INFO] 14:50:04:428 CPU/(11444:11444): Servidor Cpu se Encuentra Escuchando.
[INFO] 14:50:12:409 CPU/(11444:11444): Recibi un cliente
[INFO] 14:51:07:705 CPU/(11578:11578): Conectando con el Servidor Memoria...
[INFO] 14:51:07:709 CPU/(11578:11578): Conexión exitosa. Iniciando cliente...
[INFO] 14:51:07:711 CPU/(11578:11578): Creando Socket del Servidor Cpu...
[INFO] 14:51:07:713 CPU/(11578:11578): Socket del Servidor Cpu Creado Exitosamente.
[INFO] 14:51:07:713 CPU/(11578:11578): Realizando Handshake con Memoria
[INFO] 14:51:07:716 CPU/(11578:11578): El Handshake fue exitoso
[INFO] 14:51:07:716 CPU/(11578:11578): Servidor Cpu se Encuentra Escuchando.
[INFO] 14:51:12:587 CPU/(11578:11578): Recibi un cliente
[INFO] 14:54:57:279 CPU/(11734:11734): Conectando con el Servidor Memoria...
[INFO] 14:54:57:284 CPU/(11734:11734): Conexión exitosa. Iniciando cliente...
[INFO] 14:54:57:285 CPU/(11734:11734): Creando Socket del Servidor Cpu...
[INFO] 14:54:57:285 CPU/(11734:11734): Socket del Servidor Cpu Creado Exitosamente.
[INFO] 14:54:57:286 CPU/(11734:11734): Realizando Handshake con Memoria
[INFO] 14:54:57:287 CPU/(11734:11734): El Handshake fue exitoso
[INFO] 14:54:57:288 CPU/(11734:11734): Servidor Cpu se Encuentra Escuchando.
[INFO] 14:55:03:763 CPU/(11734:11734): Recibi un cliente
[INFO] 14:56:04:669 CPU/(11810:11810): Conectando con el Servidor Memoria...
[INFO] 14:56:04:674 CPU/(11810:11810): Conexión exitosa. Iniciando cliente...
[INFO] 14:56:04:675 CPU/(11810:11810): Creando Socket del Servidor Cpu...
[INFO] 14:56:04:675 CPU/(11810:11810): Socket del Servidor Cpu Creado Exitosamente.
[INFO] 14:56:04:675 CPU/(11810:11810): Realizando Handshake con Memoria
[INFO] 14:56:04:678 CPU/(11810:11810): El Handshake fue exitoso
[INFO] 14:56:04:678 CPU/(11810:11810): Servidor Cpu se Encuentra Escuchando.
[INFO] 14:56:08:515 CPU/(11810:11810): Recibi un cliente
[INFO] 14:57:49:856 CPU/(11919:11919): Conectando con el Servidor Memoria...
[INFO] 14:57:49:860 CPU/(11919:11919): Conexión exitosa. Iniciando cliente...
[INFO] 14:57:49:860 CPU/(11919:11919): Creando Socket del Servidor Cpu...
[INFO] 14:57:49:860 CPU/(11919:11919): Socket del Servidor Cpu Creado Exitosamente.
[INFO] 14:57:49:860 CPU/(11919:11919): Realizando Handshake con Memoria
[INFO] 14:57:49:860 CPU/(11919:11919): El Handshake fue exitoso
[INFO] 14:57:49:860 CPU/(11919:11919): Servidor Cpu se Encuentra Escuchando.
[INFO] 14:58:36:593 CPU/(11919:11919): Recibi un cliente
[INFO] 14:59:44:829 CPU/(12047:12047): Conectando con el Servidor Memoria...
[INFO] 14:59:44:835 CPU/(12047:12047): Conexión exitosa. Iniciando cliente...
[INFO] 14:59:44:835 CPU/(12047:12047): Creando Socket del Servidor Cpu...
[INFO] 14:59:44:836 CPU/(12047:12047): Socket del Servidor Cpu Creado Exitosamente.
[INFO] 14:59:44:836 CPU/(12047:12047): Realizando Handshake con Memoria
[INFO] 14:59:44:836 CPU/(12047:12047): El Handshake fue exitoso
[INFO] 14:59:44:836 CPU/(12047:12047): Servidor Cpu se Encuentra Escuchando.
[INFO] 14:59:50:903 CPU/(12047:12047): Recibi un cliente
[INFO] 15:00:12:786 CPU/(12125:12125): Conectando con el Servidor Memoria...
[INFO] 15:00:12:787 CPU/(12125:12125): Conexión exitosa. Iniciando cliente...
[INFO] 15:00:12:787 CPU/(12125:12125): Creando Socket del Servidor Cpu...
[INFO] 15:00:12:787 CPU/(12125:12125): Socket del Servidor Cpu Creado Exitosamente.
[INFO] 15:00:12:787 CPU/(12125:12125): Realizando Handshake con Memoria
[INFO] 15:00:12:791 CPU/(12125:12125): El Handshake fue exitoso
[INFO] 15:00:12:791 CPU/(12125:12125): Servidor Cpu se Encuentra Escuchando.
[INFO] 15:00:17:983 CPU/(12125:12125): Recibi un cliente
[INFO] 15:02:32:270 CPU/(12263:12263): Conectando con el Servidor Memoria...
[INFO] 15:02:32:280 CPU/(12263:12263): Conexión exitosa. Iniciando cliente...
[INFO] 15:02:32:281 CPU/(12263:12263): Creando Socket del Servidor Cpu...
[INFO] 15:02:32:282 CPU/(12263:12263): Socket del Servidor Cpu Creado Exitosamente.
[INFO] 15:02:32:282 CPU/(12263:12263): Realizando Handshake con Memoria
[INFO] 15:02:32:283 CPU/(12263:12263): El Handshake fue exitoso
[INFO] 15:02:32:283 CPU/(12263:12263): Servidor Cpu se Encuentra Escuchando.
[INFO] 15:02:44:563 CPU/(12263:12263): Recibi un cliente
[INFO] 15:04:35:865 CPU/(12409:12409): Conectando con el Servidor Memoria...
[INFO] 15:04:35:873 CPU/(12409:12409): Conexión exitosa. Iniciando cliente...
[INFO] 15:04:35:873 CPU/(12409:12409): Creando Socket del Servidor Cpu...
[INFO] 15:04:35:873 CPU/(12409:12409): Socket del Servidor Cpu Creado Exitosamente.
[INFO] 15:04:35:873 CPU/(12409:12409): Realizando Handshake con Memoria
[INFO] 15:04:35:874 CPU/(12409:12409): El Handshake fue exitoso
[INFO] 15:04:35:874 CPU/(12409:12409): Servidor Cpu se Encuentra Escuchando.
[INFO] 15:04:46:381 CPU/(12409:12409): Recibi un cliente
[INFO] 15:06:23:837 CPU/(12548:12548): Conectando con el Servidor Memoria...
[INFO] 15:06:23:843 CPU/(12548:12548): Conexión exitosa. Iniciando cliente...
[INFO] 15:06:23:843 CPU/(12548:12548): Creando Socket del Servidor Cpu...
[INFO] 15:06:23:843 CPU/(12548:12548): Socket del Servidor Cpu Creado Exitosamente.
[INFO] 15:06:23:843 CPU/(12548:12548): Realizando Handshake con Memoria
[INFO] 15:06:23:844 CPU/(12548:12548): El Handshake fue exitoso
[INFO] 15:06:23:844 CPU/(12548:12548): Servidor Cpu se Encuentra Escuchando.
[INFO] 15:06:39:328 CPU/(12548:12548): Recibi un cliente
[INFO] 15:07:22:744 CPU/(12646:12646): Conectando con el Servidor Memoria...
[INFO] 15:07:22:751 CPU/(12646:12646): Conexión exitosa. Iniciando cliente...
[INFO] 15:07:22:751 CPU/(12646:12646): Creando Socket del Servidor Cpu...
[INFO] 15:07:22:752 CPU/(12646:12646): Socket del Servidor Cpu Creado Exitosamente.
[INFO] 15:07:22:752 CPU/(12646:12646): Realizando Handshake con Memoria
[INFO] 15:07:22:752 CPU/(12646:12646): El Handshake fue exitoso
[INFO] 15:07:22:752 CPU/(12646:12646): Servidor Cpu se Encuentra Escuchando.
[INFO] 15:07:29:369 CPU/(12646:12646): Recibi un cliente
[INFO] 15:08:25:824 CPU/(12778:12778): Conectando con el Servidor Memoria...
[INFO] 15:08:25:833 CPU/(12778:12778): Conexión exitosa. Iniciando cliente...
[INFO] 15:08:25:833 CPU/(12778:12778): Creando Socket del Servidor Cpu...
[INFO] 15:08:25:834 CPU/(12778:12778): Socket del Servidor Cpu Creado Exitosamente.
[INFO] 15:08:25:834 CPU/(12778:12778): Realizando Handshake con Memoria
[INFO] 15:08:25:835 CPU/(12778:12778): El Handshake fue exitoso
[INFO] 15:08:25:835 CPU/(12778:12778): Servidor Cpu se Encuentra Escuchando.
[INFO] 15:08:34:096 CPU/(12778:12778): Recibi un cliente
[INFO] 15:11:43:089 CPU/(12919:12919): Conectando con el Servidor Memoria...
[INFO] 15:11:43:089 CPU/(12919:12919): Conexión exitosa. Iniciando cliente...
[INFO] 15:11:43:089 CPU/(12919:12919): Creando Socket del Servidor Cpu...
[INFO] 15:11:43:089 CPU/(12919:12919): Socket del Servidor Cpu Creado Exitosamente.
[INFO] 15:11:43:089 CPU/(12919:12919): Realizando Handshake con Memoria
[INFO] 15:11:43:090 CPU/(12919:12919): El Handshake fue exitoso
[INFO] 15:11:43:090 CPU/(12919:12919): Servidor Cpu se Encuentra Escuchando.
[INFO] 15:11:48:806 CPU/(12919:12919): Recibi un cliente
[INFO] 16:25:45:175 CPU/(12919:12919): Recibi un cliente
[INFO] 16:26:17:362 CPU/(13417:13417): Conectando con el Servidor Memoria...
[INFO] 16:26:17:366 CPU/(13417:13417): Conexión exitosa. Iniciando cliente...
[INFO] 16:26:17:368 CPU/(13417:13417): Creando Socket del Servidor Cpu...
[INFO] 16:26:17:368 CPU/(13417:13417): Socket del Servidor Cpu Creado Exitosamente.
[INFO] 16:26:17:368 CPU/(13417:13417): Realizando Handshake con Memoria
[INFO] 16:26:17:371 CPU/(13417:13417): El Handshake fue exitoso
[INFO] 16:26:17:371 CPU/(13417:13417): Servidor Cpu se Encuentra Escuchando.
[INFO] 16:26:28:233 CPU/(13417:13417): Recibi un cliente
[INFO] 16:30:58:142 CPU/(13513:13513): Conectando con el Servidor Memoria...
[INFO] 16:30:58:147 CPU/(13513:13513): Conexión exitosa. Iniciando cliente...
[INFO] 16:30:58:148 CPU/(13513:13513): Creando Socket del Servidor Cpu...
[INFO] 16:30:58:149 CPU/(13513:13513): Socket del Servidor Cpu Creado Exitosamente.
[INFO] 16:30:58:149 CPU/(13513:13513): Realizando Handshake con Memoria
[INFO] 16:30:58:150 CPU/(13513:13513): El Handshake fue exitoso
[INFO] 16:30:58:151 CPU/(13513:13513): Servidor Cpu se Encuentra Escuchando.
[INFO] 16:31:03:829 CPU/(13513:13513): Recibi un cliente
[INFO] 17:48:00:162 CPU/(16902:16902): Conectando con el Servidor Memoria...
[INFO] 17:48:00:168 CPU/(16902:16902): Conexión exitosa. Iniciando cliente...
[INFO] 17:48:00:168 CPU/(16902:16902): Creando Socket del Servidor Cpu...
[INFO] 17:48:00:168 CPU/(16902:16902): Socket del Servidor Cpu Creado Exitosamente.
[INFO] 17:48:00:168 CPU/(16902:16902): Realizando Handshake con Memoria
[INFO] 17:48:00:170 CPU/(16902:16902): El Handshake fue exitoso
[INFO] 17:48:00:170 CPU/(16902:16902): Servidor Cpu se Encuentra Escuchando.
[INFO] 17:48:07:413 CPU/(16902:16902): Recibi un cliente
[INFO] 17:50:54:251 CPU/(17149:17149): Conectando con el Servidor Memoria...
[INFO] 17:50:54:255 CPU/(17149:17149): Conexión exitosa. Iniciando cliente...
[INFO] 17:50:54:256 CPU/(17149:17149): Creando Socket del Servidor Cpu...
[INFO] 17:50:54:257 CPU/(17149:17149): Socket del Servidor Cpu Creado Exitosamente.
[INFO] 17:50:54:257 CPU/(17149:17149): Realizando Handshake con Memoria
[INFO] 17:50:54:258 CPU/(17149:17149): El Handshake fue exitoso
[INFO] 17:50:54:258 CPU/(17149:17149): Servidor Cpu se Encuentra Escuchando.
[INFO] 17:50:57:820 CPU/(17149:17149): Recibi un cliente
[INFO] 17:52:36:410 CPU/(17222:17222): Conectando con el Servidor Memoria...
[INFO] 17:52:36:410 CPU/(17222:17222): Conexión exitosa. Iniciando cliente...
[INFO] 17:52:36:411 CPU/(17222:17222): Creando Socket del Servidor Cpu...
[INFO] 17:52:36:411 CPU/(17222:17222): Socket del Servidor Cpu Creado Exitosamente.
[INFO] 17:52:36:411 CPU/(17222:17222): Realizando Handshake con Memoria
[INFO] 17:52:36:414 CPU/(17222:17222): El Handshake fue exitoso
[INFO] 17:52:36:414 CPU/(17222:17222): Servidor Cpu se Encuentra Escuchando.
[INFO] 17:52:43:838 CPU/(17222:17222): Recibi un cliente
[INFO] 17:54:15:196 CPU/(17309:17309): Conectando con el Servidor Memoria...
[INFO] 17:54:15:201 CPU/(17309:17309): Conexión exitosa. Iniciando cliente...
[INFO] 17:54:15:201 CPU/(17309:17309): Creando Socket del Servidor Cpu...
[INFO] 17:54:15:202 CPU/(17309:17309): Socket del Servidor Cpu Creado Exitosamente.
[INFO] 17:54:15:202 CPU/(17309:17309): Realizando Handshake con Memoria
[INFO] 17:54:15:203 CPU/(17309:17309): El Handshake fue exitoso
[INFO] 17:54:15:203 CPU/(17309:17309): Servidor Cpu se Encuentra Escuchando.
[INFO] 17:54:19:844 CPU/(17309:17309): Recibi un cliente
[INFO] 18:08:32:864 CPU/(18294:18294): Conectando con el Servidor Memoria...
[INFO] 18:08:32:869 CPU/(18294:18294): Conexión exitosa. Iniciando cliente...
[INFO] 18:08:32:869 CPU/(18294:18294): Creando Socket del Servidor Cpu...
[INFO] 18:08:32:869 CPU/(18294:18294): Socket del Servidor Cpu Creado Exitosamente.
[INFO] 18:08:32:869 CPU/(18294:18294): Realizando Handshake con Memoria
[INFO] 18:08:32:873 CPU/(18294:18294): El Handshake fue exitoso
[INFO] 18:08:32:873 CPU/(18294:18294): Servidor Cpu se Encuentra Escuchando.
[INFO] 18:08:50:310 CPU/(18294:18294): Recibi un cliente
