[INFO] 18:29:50:353 Kernel/(8104:8104): Creando Socket del Servidor Kernel...
[INFO] 18:29:50:357 Kernel/(8104:8104): Socket del Servidor Kernel Creado Exitosamente.
[INFO] 18:29:50:358 Kernel/(8104:8104): Servidor Kernel se Encuentra Escuchando.
[INFO] 18:37:44:785 Kernel/(8787:8787): Conectando con el Servidor Memoria...
[ERROR] 18:37:44:793 Kernel/(8787:8787): Conexión rechazada. El Servidor Memoria no se encuentra disponible en este momento.
[INFO] 18:38:42:278 Kernel/(8970:8970): Conectando con el Servidor Memoria...
[ERROR] 18:38:42:285 Kernel/(8970:8970): Conexión rechazada. El Servidor Memoria no se encuentra disponible en este momento.
[INFO] 18:42:30:199 Kernel/(9337:9337): Conectando con el Servidor Memoria...
[INFO] 18:42:30:203 Kernel/(9337:9337): Conexión exitosa. Iniciando cliente...
[INFO] 18:42:30:204 Kernel/(9337:9337): Conectando con el Servidor Cpu...
[INFO] 18:42:30:205 Kernel/(9337:9337): Conexión exitosa. Iniciando cliente...
[INFO] 18:42:30:205 Kernel/(9337:9337): Creando Socket del Servidor Kernel...
[INFO] 18:42:30:205 Kernel/(9337:9337): Socket del Servidor Kernel Creado Exitosamente.
[INFO] 18:42:30:205 Kernel/(9337:9337): Servidor Kernel se Encuentra Escuchando.
[INFO] 18:44:05:588 Kernel/(9337:9337): Recibi un Cliente.
[INFO] 18:46:00:486 Kernel/(9452:9452): Conectando con el Servidor Memoria...
[INFO] 18:46:00:490 Kernel/(9452:9452): Conexión exitosa. Iniciando cliente...
[INFO] 18:46:00:491 Kernel/(9452:9452): Conectando con el Servidor Cpu...
[INFO] 18:46:00:491 Kernel/(9452:9452): Conexión exitosa. Iniciando cliente...
[INFO] 18:46:00:491 Kernel/(9452:9452): Creando Socket del Servidor Kernel...
[INFO] 18:46:00:492 Kernel/(9452:9452): Socket del Servidor Kernel Creado Exitosamente.
[INFO] 18:46:00:492 Kernel/(9452:9452): Servidor Kernel se Encuentra Escuchando.
[INFO] 18:46:36:364 Kernel/(9512:9512): Conectando con el Servidor Memoria...
[INFO] 18:46:36:368 Kernel/(9512:9512): Conexión exitosa. Iniciando cliente...
[INFO] 18:46:36:368 Kernel/(9512:9512): Conectando con el Servidor Cpu...
[INFO] 18:46:36:368 Kernel/(9512:9512): Conexión exitosa. Iniciando cliente...
[INFO] 18:46:36:371 Kernel/(9512:9512): Creando Socket del Servidor Kernel...
[INFO] 18:46:36:372 Kernel/(9512:9512): Socket del Servidor Kernel Creado Exitosamente.
[INFO] 18:46:36:373 Kernel/(9512:9512): Servidor Kernel se Encuentra Escuchando.
[INFO] 18:48:07:928 Kernel/(9697:9697): Conectando con el Servidor Memoria...
[INFO] 18:48:07:934 Kernel/(9697:9697): Conexión exitosa. Iniciando cliente...
[INFO] 18:48:07:934 Kernel/(9697:9697): Conectando con el Servidor Cpu...
[INFO] 18:48:07:934 Kernel/(9697:9697): Conexión exitosa. Iniciando cliente...
[INFO] 18:48:07:934 Kernel/(9697:9697): Creando Socket del Servidor Kernel...
[INFO] 18:48:07:934 Kernel/(9697:9697): Socket del Servidor Kernel Creado Exitosamente.
[INFO] 18:48:07:934 Kernel/(9697:9697): Servidor Kernel se Encuentra Escuchando.
[INFO] 18:49:20:153 Kernel/(9771:9771): Conectando con el Servidor Memoria...
[INFO] 18:49:20:154 Kernel/(9771:9771): Conexión exitosa. Iniciando cliente...
[INFO] 18:49:20:154 Kernel/(9771:9771): Conectando con el Servidor Cpu...
[INFO] 18:49:20:154 Kernel/(9771:9771): Conexión exitosa. Iniciando cliente...
[INFO] 18:49:20:155 Kernel/(9771:9771): Conectando con el Servidor Cpu...
[INFO] 18:49:20:155 Kernel/(9771:9771): Conexión exitosa. Iniciando cliente...
[INFO] 18:49:20:155 Kernel/(9771:9771): Creando Socket del Servidor Kernel...
[INFO] 18:49:20:158 Kernel/(9771:9771): Socket del Servidor Kernel Creado Exitosamente.
[INFO] 18:49:20:158 Kernel/(9771:9771): Servidor Kernel se Encuentra Escuchando.
